23/04/2013 15:34:22 - New match 11111111 has started
23/04/2013 15:36:04 - Maycon killed Joao using M16
23/04/2013 15:36:33 - <WORLD> killed Maycon by DROWN
23/04/2013 15:38:34 - Pedro killed Leandro using AK47
23/04/2013 15:39:04 - Pedro killed Joao using M16
23/04/2013 15:39:33 - <WORLD> killed Maycon by FALL
23/04/2013 15:40:04 - Leandro killed Pedro using AK47
23/04/2013 15:40:33 - <WORLD> killed Joao by DROWN
23/04/2013 15:41:04 - Leandro killed Joao using M16
23/04/2013 15:44:04 - Leandro killed Maycon using M16
23/04/2013 15:46:04 - Pedro killed Leandro using AK47
23/04/2013 15:50:04 - Maycon killed Pedro using M16
23/04/2013 15:51:33 - <WORLD> killed Joao by FALL
23/04/2013 15:54:33 - <WORLD> killed Pedro by DROWN
23/04/2013 15:58:04 - Leandro killed Pedro using AWP
23/04/2013 16:00:00 - Leandro killed Maycon using AWP
23/04/2013 16:00:04 - Leandro killed Joao using AWP
23/04/2013 16:01:00 - Leandro killed Pedro using AWP
23/04/2013 16:02:42 - Leandro killed Joao using AWP
23/04/2013 15:54:33 - <WORLD> killed Leandro by FALL
23/04/2013 16:00:00 - Maycon killed Joao using M16
23/04/2013 16:00:04 - Joao killed Pedro using AK47
23/04/2013 16:39:22 - Match 11111111 has ended
23/04/2013 16:40:22 - New match 11111112 has started
23/04/2013 16:41:04 - Maycon killed Joao using M16
23/04/2013 16:42:33 - <WORLD> killed Maycon by DROWN
23/04/2013 16:43:34 - Pedro killed Pedro using AK47
23/04/2013 16:44:04 - Pedro killed Joao using M16
23/04/2013 16:45:33 - <WORLD> killed Maycon by FALL
23/04/2013 16:46:04 - Leandro killed Pedro using AK47
23/04/2013 16:47:33 - <WORLD> killed Joao by DROWN
23/04/2013 16:48:22 - Match 11111112 has ended